2026-01-08 11:12:05 [INFO] ================================================================================
2026-01-08 11:12:05 [INFO] 동영상 전처리 작업 시작 (스마트 프레임 선택 모드)
2026-01-08 11:12:05 [INFO] 입력 파일: C:\workspace\VideoTool\assets\videos\2026\sample5_0107063548.mp4
2026-01-08 11:12:05 [INFO] 출력 파일: C:\workspace\VideoTool\results\preprocessing\17\sample5_0107063548_processed.mp4
2026-01-08 11:12:05 [INFO] 파이프라인 단계: 2개
2026-01-08 11:12:05 [INFO] 중요도 임계값: 높음(80), 중간(50)
2026-01-08 11:12:05 [INFO] Queue 크기: 10
2026-01-08 11:12:05 [INFO] --------------------------------------------------------------------------------
2026-01-08 11:12:05 [INFO] 동영상 정보 추출 중...
2026-01-08 11:12:06 [INFO] ✓ ffprobe 정보 사용
2026-01-08 11:12:06 [INFO]   FPS: 37.000 (37/1)
2026-01-08 11:12:06 [INFO]   해상도: 1920x1080
2026-01-08 11:12:06 [INFO]   프레임 수: 565
2026-01-08 11:12:06 [INFO]   재생 시간: 15.21초
2026-01-08 11:12:06 [INFO] --------------------------------------------------------------------------------
2026-01-08 11:12:06 [INFO] VideoWriter 초기화 중...
2026-01-08 11:12:06 [INFO] VideoWriter 초기화 완료 - FPS: 37.000
2026-01-08 11:12:06 [INFO] --------------------------------------------------------------------------------
2026-01-08 11:12:06 [INFO] 멀티스레드 처리 시작
2026-01-08 11:12:12 [INFO] 진행: 100/565 - 처리: 5 (5.0%), 스킵: 95
2026-01-08 11:12:16 [INFO] 진행: 200/565 - 처리: 11 (5.5%), 스킵: 189
2026-01-08 11:12:21 [INFO] 진행: 300/565 - 처리: 17 (5.7%), 스킵: 283
2026-01-08 11:12:25 [INFO] 진행: 400/565 - 처리: 23 (5.8%), 스킵: 377
2026-01-08 11:12:28 [INFO] 진행: 500/565 - 처리: 29 (5.8%), 스킵: 471
2026-01-08 11:12:31 [INFO] --------------------------------------------------------------------------------
2026-01-08 11:12:31 [INFO] 프레임 처리 완료
2026-01-08 11:12:31 [INFO]   총 프레임: 565
2026-01-08 11:12:31 [INFO]   실제 처리: 33
2026-01-08 11:12:31 [INFO]   스킵: 532
2026-01-08 11:12:31 [INFO]   처리 효율: 5.8% (속도: 17.1배)
2026-01-08 11:12:31 [INFO] 
  중요도 분포:
2026-01-08 11:12:31 [INFO]     높음 (≥80): 0프레임
2026-01-08 11:12:31 [INFO]     중간 (≥50): 0프레임
2026-01-08 11:12:31 [INFO]     낮음 (<50): 565프레임
2026-01-08 11:12:31 [INFO] --------------------------------------------------------------------------------
2026-01-08 11:12:31 [INFO] ffmpeg 재인코딩 시작...
2026-01-08 11:12:39 [INFO] ffmpeg 재인코딩 완료
2026-01-08 11:12:39 [INFO] --------------------------------------------------------------------------------
2026-01-08 11:12:39 [INFO] 최종 검증 중...
2026-01-08 11:12:39 [INFO] 파일 크기: 14.08 MB
2026-01-08 11:12:39 [INFO] ✓ 최종 동영상 정보:
2026-01-08 11:12:39 [INFO]   FPS: 37.000
2026-01-08 11:12:39 [INFO]   해상도: 1920x1080
2026-01-08 11:12:39 [INFO]   프레임 수: 565
2026-01-08 11:12:39 [INFO]   재생 시간: 15.27초
2026-01-08 11:12:39 [INFO] ================================================================================
2026-01-08 11:12:39 [INFO] 동영상 전처리 완료
2026-01-08 11:12:39 [INFO] ================================================================================
